<?xml version="1.0" encoding="UTF-8"?>
<!-- Generated by org.testng.reporters.JUnitReportReporter -->
<testsuite hostname="mac.lan" failures="0" tests="3" name="parallel_execution.SearchTest" time="14.439" errors="0" timestamp="2024-09-24T06:41:33 EDT" skipped="0">
  <testcase classname="parallel_execution.SearchTest" name="verifySearchWithInvalidProduct" time="4.541"/>
  <testcase classname="parallel_execution.SearchTest" name="verifySearchWithNoProduct" time="4.808"/>
  <testcase classname="parallel_execution.SearchTest" name="verifySearchWithValidProduct" time="5.090"/>
</testsuite> <!-- parallel_execution.SearchTest -->
