<?xml version="1.0" encoding="UTF-8"?>
<!-- Generated by org.testng.reporters.JUnitReportReporter -->
<testsuite hostname="mac.lan" failures="0" tests="4" name="screenshots_Failed_TestCases_listeners.RegisterTest" time="23.300" errors="0" timestamp="2024-09-24T07:19:59 EDT" skipped="0">
  <testcase classname="screenshots_Failed_TestCases_listeners.RegisterTest" name="verifyRegisterWithMandatoryDetails" time="5.926"/>
  <testcase classname="screenshots_Failed_TestCases_listeners.RegisterTest" name="verifyRegisterWithAllDetails" time="5.934"/>
  <testcase classname="screenshots_Failed_TestCases_listeners.RegisterTest" name="verifyRegisterWithIncorrectConfirmPassword" time="5.857"/>
  <testcase classname="screenshots_Failed_TestCases_listeners.RegisterTest" name="verifyRegisterWithNoDetails" time="5.583"/>
</testsuite> <!-- screenshots_Failed_TestCases_listeners.RegisterTest -->
