<?xml version="1.0" encoding="UTF-8"?>
<!-- Generated by org.testng.reporters.JUnitReportReporter -->
<testsuite hostname="mac.lan" failures="0" tests="3" name="screenshots_Failed_TestCases_listeners.SearchTest" time="14.433" errors="0" timestamp="2024-09-24T07:19:59 EDT" skipped="0">
  <testcase classname="screenshots_Failed_TestCases_listeners.SearchTest" name="verifySearchWithValidProduct" time="5.047"/>
  <testcase classname="screenshots_Failed_TestCases_listeners.SearchTest" name="verifySearchWithInvalidProduct" time="2.883"/>
  <testcase classname="screenshots_Failed_TestCases_listeners.SearchTest" name="verifySearchWithNoProduct" time="6.503"/>
</testsuite> <!-- screenshots_Failed_TestCases_listeners.SearchTest -->
