<?xml version="1.0" encoding="UTF-8"?>
<!-- Generated by org.testng.reporters.JUnitReportReporter -->
<testsuite hostname="mac.lan" failures="0" tests="4" name="parallel_execution.RegisterTest" time="40.160" errors="0" timestamp="2024-09-28T00:27:53 EDT" skipped="0">
  <testcase classname="parallel_execution.RegisterTest" name="verifyRegisterWithMandatoryDetails" time="7.382"/>
  <testcase classname="parallel_execution.RegisterTest" name="verifyRegisterWithAllDetails" time="9.841"/>
  <testcase classname="parallel_execution.RegisterTest" name="verifyRegisterWithExistingEmail" time="13.883"/>
  <testcase classname="parallel_execution.RegisterTest" name="verifyRegisterWithIncorrectConfirmPassword" time="9.054"/>
</testsuite> <!-- parallel_execution.RegisterTest -->
