<?xml version="1.0" encoding="UTF-8"?>
<!-- Generated by org.testng.reporters.JUnitReportReporter -->
<testsuite hostname="mac.lan" failures="0" tests="4" name="parallel_execution.RegisterTest" time="25.878" errors="0" timestamp="2024-09-24T06:41:33 EDT" skipped="0">
  <testcase classname="parallel_execution.RegisterTest" name="verifyRegisterWithMandatoryDetails" time="8.008"/>
  <testcase classname="parallel_execution.RegisterTest" name="verifyRegisterWithAllDetails" time="6.665"/>
  <testcase classname="parallel_execution.RegisterTest" name="verifyRegisterWithIncorrectConfirmPassword" time="5.582"/>
  <testcase classname="parallel_execution.RegisterTest" name="verifyRegisterWithNoDetails" time="5.623"/>
</testsuite> <!-- parallel_execution.RegisterTest -->
