<?xml version="1.0" encoding="UTF-8"?>
<!-- Generated by org.testng.reporters.JUnitReportReporter -->
<testsuite hostname="mac.lan" failures="0" tests="5" name="parallel_execution.LoginTest" time="26.886" errors="0" timestamp="2024-09-24T06:41:33 EDT" skipped="1">
  <testcase classname="parallel_execution.LoginTest" name="loginWithNoCredentials" time="6.612"/>
  <testcase classname="parallel_execution.LoginTest" name="loginWithInvalidCredentials" time="6.273"/>
  <testcase classname="parallel_execution.LoginTest" name="loginWithValidEmailInvalidPassword" time="6.963"/>
  <testcase classname="parallel_execution.LoginTest" name="loginWithInvalidEmailValidPassword" time="7.038"/>
  <testcase classname="parallel_execution.LoginTest" name="loginWithValidCredentials">
    <skipped/>
  </testcase> <!-- loginWithValidCredentials -->
</testsuite> <!-- parallel_execution.LoginTest -->
