<?xml version="1.0" encoding="UTF-8"?>
<!-- Generated by org.testng.reporters.JUnitReportReporter -->
<testsuite hostname="mac.lan" failures="0" tests="5" name="parallel_execution.Topic1" time="29.213" errors="0" timestamp="2024-09-23T20:03:45 EDT" skipped="0">
  <testcase classname="parallel_execution.Topic1" name="loginWithValidCredentials" time="6.262"/>
  <testcase classname="parallel_execution.Topic1" name="loginWithNoCredentials" time="6.691"/>
  <testcase classname="parallel_execution.Topic1" name="loginWithInvalidCredentials" time="5.307"/>
  <testcase classname="parallel_execution.Topic1" name="oginWithValidEmailInvalidPassword" time="5.319"/>
  <testcase classname="parallel_execution.Topic1" name="oginWithInvalidEmailValidPassword" time="5.634"/>
</testsuite> <!-- parallel_execution.Topic1 -->
